
[API REQUEST] User: dev@starto.com Body: {"toUserId":"cmjcxlzuz0001pkdpyrze6pvw","senderName":"Ram","senderRole":"Founder","purpose":"Workspace","message":"Hiiiiiiiiii","fromFirebaseUid":"8OrXVqPIPvYrkKcsvI2yHC3hH953"}
[API ERROR] 400 Missing Fields

[API REQUEST] User: dev@starto.com Body: {"toUserId":"cmjcxlzuz0001pkdpyrze6pvw","senderName":"Ram","senderRole":"Founder","purpose":"Workspace","message":"Hi Im Ram","fromFirebaseUid":"8OrXVqPIPvYrkKcsvI2yHC3hH953"}
[API ERROR] 400 Missing Fields

[API REQUEST] User: dev@starto.com Body: {"toUserId":"cmjcxlzuz0001pkdpyrze6pvw","senderName":"Ram","senderRole":"Founder","purpose":"Workspace","message":"Hi Im Ram","fromFirebaseUid":"8OrXVqPIPvYrkKcsvI2yHC3hH953"}
[API ERROR] 400 Missing Fields

[API REQUEST] User: dev@starto.com Body: {"toUserId":"cmjcxlzuz0001pkdpyrze6pvw","senderName":"Ram","senderRole":"Founder","purpose":"Workspace","message":"Hi Im Ram","fromFirebaseUid":"8OrXVqPIPvYrkKcsvI2yHC3hH953"}
[API SUCCESS] Request Created

[API REQUEST] User: startoindiaoffical@gmail.com Body: {"toUserId":"cmj4mqycy0000yx2in1wd7z4e","senderName":"Kris","senderRole":"Founder","purpose":"Other","message":"dddddddddd","fromFirebaseUid":"vbdc5sVzfUSojzKQB8bMjK0sztr1"}
[API SUCCESS] Request Created

[API REQUEST] User: krishnamurthikm07@gmail.com Body: {"toUserId":"cmkr0luae000cthwl49m1bzzn","senderName":"Beta","senderRole":"Founder","purpose":"Investment","message":"Hii","fromFirebaseUid":"8OrXVqPIPvYrkKcsvI2yHC3hH953"}
[API SUCCESS] Request Created

[API REQUEST] User: krishnamrs769@gmail.com Body: {"toUserId":"cmkr0f90v000bthwl1npw6ucl","senderName":"Ram","senderRole":"Freelancer","purpose":"Workspace","message":"Hii","fromFirebaseUid":"cmkr0luae000cthwl49m1bzzn"}
[API SUCCESS] Request Created

[API REQUEST] User: krishnamrs769@gmail.com Body: {"toUserId":"cmkr07no80006thwlx6uaceyh","senderName":"Ram","senderRole":"Freelancer","purpose":"Partnership","message":"Hey","fromFirebaseUid":"cmkr0luae000cthwl49m1bzzn"}
[API SUCCESS] Request Created

[API REQUEST] User: admin@youtuer.com Body: {"toUserId":"cmktpka5a000pzur3ycxgm9nl","senderName":"Mue","senderRole":"Founder","purpose":"Investment","message":"nnin","fromFirebaseUid":"PLR6hyJKw6Q3B6Hb3EXSlAFYQqk2"}
[API SUCCESS] Request Created

[API REQUEST] User: fmake002@gmail.com Body: {"toUserId":"cmktpka5a000pzur3ycxgm9nl","senderName":"Fmake","senderRole":"Freelancer","purpose":"Workspace","message":"fff","fromFirebaseUid":"ugfbgauyBbeVqWQqYM2QEnDhYKz2"}
[API SUCCESS] Request Created

[API REQUEST] User: krishnamrs769@gmail.com Body: {"toUserId":"cmkr07no80006thwlx6uaceyh","senderName":"Ram","senderRole":"Freelancer","purpose":"Workspace","message":"Ok","fromFirebaseUid":"cmkr0luae000cthwl49m1bzzn"}
[API ERROR] 409 Duplicate Request (ACCEPTED)

[API REQUEST] User: startoindiaoffical@gmail.com Body: {"toUserId":"cmkr07no80006thwlx6uaceyh","senderName":"dd","senderRole":"Freelancer","purpose":"Workspace","message":"dddddddd","fromFirebaseUid":"vbdc5sVzfUSojzKQB8bMjK0sztr1"}
[API SUCCESS] Request Created

[API REQUEST] User: startoindiaoffical@gmail.com Body: {"toUserId":"cmkr07no80006thwlx6uaceyh","senderName":"ccc","senderRole":"Investor","purpose":"Mentorship","message":"ssssssssss","fromFirebaseUid":"vbdc5sVzfUSojzKQB8bMjK0sztr1"}
[API ERROR] 409 Duplicate Request (PENDING)

[API REQUEST] User: startoindiaoffical@gmail.com Body: {"toUserId":"cmkr07no80006thwlx6uaceyh","senderName":"d","senderRole":"Investor","purpose":"Workspace","message":"dddddd","fromFirebaseUid":"vbdc5sVzfUSojzKQB8bMjK0sztr1"}
[API SUCCESS] Request Created
